[debug] [2023-08-14T10:18:58.109Z] ----------------------------------------------------------------------
[debug] [2023-08-14T10:18:58.111Z] Command:       C:\Program Files\nodejs\node.exe C:\Users\user\AppData\Roaming\npm\node_modules\firebase-tools\lib\bin\firebase.js serve
[debug] [2023-08-14T10:18:58.111Z] CLI Version:   12.4.7
[debug] [2023-08-14T10:18:58.112Z] Platform:      win32
[debug] [2023-08-14T10:18:58.112Z] Node Version:  v18.17.0
[debug] [2023-08-14T10:18:58.113Z] Time:          Mon Aug 14 2023 15:48:58 GMT+0530 (India Standard Time)
[debug] [2023-08-14T10:18:58.113Z] ----------------------------------------------------------------------
[debug] 
[debug] [2023-08-14T10:18:58.215Z] > command requires scopes: ["email","openid","https://www.googleapis.com/auth/cloudplatformprojects.readonly","https://www.googleapis.com/auth/firebase","https://www.googleapis.com/auth/cloud-platform"]
[debug] [2023-08-14T10:18:58.216Z] > authorizing via signed-in user (sabiqhashilkp786@gmail.com)
[debug] [2023-08-14T10:18:58.216Z] [iam] checking project social-media-web-fd460 for permissions ["firebase.projects.get"]
[debug] [2023-08-14T10:18:58.220Z] >>> [apiv2][query] POST https://cloudresourcemanager.googleapis.com/v1/projects/social-media-web-fd460:testIamPermissions [none]
[debug] [2023-08-14T10:18:58.220Z] >>> [apiv2][(partial)header] POST https://cloudresourcemanager.googleapis.com/v1/projects/social-media-web-fd460:testIamPermissions x-goog-quota-user=projects/social-media-web-fd460
[debug] [2023-08-14T10:18:58.220Z] >>> [apiv2][body] POST https://cloudresourcemanager.googleapis.com/v1/projects/social-media-web-fd460:testIamPermissions {"permissions":["firebase.projects.get"]}
[debug] [2023-08-14T10:18:59.620Z] <<< [apiv2][status] POST https://cloudresourcemanager.googleapis.com/v1/projects/social-media-web-fd460:testIamPermissions 200
[debug] [2023-08-14T10:18:59.620Z] <<< [apiv2][body] POST https://cloudresourcemanager.googleapis.com/v1/projects/social-media-web-fd460:testIamPermissions {"permissions":["firebase.projects.get"]}
[debug] [2023-08-14T10:18:59.621Z] >>> [apiv2][query] GET https://firebase.googleapis.com/v1beta1/projects/social-media-web-fd460 [none]
[debug] [2023-08-14T10:19:00.350Z] <<< [apiv2][status] GET https://firebase.googleapis.com/v1beta1/projects/social-media-web-fd460 200
[debug] [2023-08-14T10:19:00.350Z] <<< [apiv2][body] GET https://firebase.googleapis.com/v1beta1/projects/social-media-web-fd460 {"projectId":"social-media-web-fd460","projectNumber":"810536249155","displayName":"social-media-web","name":"projects/social-media-web-fd460","resources":{"hostingSite":"social-media-web-fd460"},"state":"ACTIVE","etag":"1_cb8e7463-a8cf-4004-8768-c36afd9808a0"}
[info] 
[info] === Serving from 'C:\Users\user\Documents\GitHub\Blog_website'...
[info] 
[debug] [2023-08-14T10:19:00.355Z] >>> [apiv2][query] GET https://firebasehosting.googleapis.com/v1beta1/projects/social-media-web-fd460/sites 
[debug] [2023-08-14T10:19:01.467Z] <<< [apiv2][status] GET https://firebasehosting.googleapis.com/v1beta1/projects/social-media-web-fd460/sites 200
[debug] [2023-08-14T10:19:01.467Z] <<< [apiv2][body] GET https://firebasehosting.googleapis.com/v1beta1/projects/social-media-web-fd460/sites {"sites":[{"name":"projects/social-media-web-fd460/sites/social-media-web-fd460","defaultUrl":"https://social-media-web-fd460.web.app","type":"DEFAULT_SITE"}]}
[debug] [2023-08-14T10:19:01.467Z] >>> [apiv2][query] GET https://firebase.googleapis.com/v1beta1/projects/social-media-web-fd460/webApps/-/config [none]
[debug] [2023-08-14T10:19:02.671Z] <<< [apiv2][status] GET https://firebase.googleapis.com/v1beta1/projects/social-media-web-fd460/webApps/-/config 200
[debug] [2023-08-14T10:19:02.671Z] <<< [apiv2][body] GET https://firebase.googleapis.com/v1beta1/projects/social-media-web-fd460/webApps/-/config {"projectId":"social-media-web-fd460","appId":"1:810536249155:web:05b5f23fa09444cfe8b1f6","storageBucket":"social-media-web-fd460.appspot.com","apiKey":"AIzaSyCCtE3ZVQeF2Ht-EB_vi8kNhcsC2A5k3tc","authDomain":"social-media-web-fd460.firebaseapp.com","messagingSenderId":"810536249155"}
[debug] [2023-08-14T10:19:02.679Z] >>> [apiv2][query] GET https://firebase.googleapis.com/v1beta1/projects/social-media-web-fd460 [none]
[debug] [2023-08-14T10:19:03.227Z] <<< [apiv2][status] GET https://firebase.googleapis.com/v1beta1/projects/social-media-web-fd460 200
[debug] [2023-08-14T10:19:03.228Z] <<< [apiv2][body] GET https://firebase.googleapis.com/v1beta1/projects/social-media-web-fd460 {"projectId":"social-media-web-fd460","projectNumber":"810536249155","displayName":"social-media-web","name":"projects/social-media-web-fd460","resources":{"hostingSite":"social-media-web-fd460"},"state":"ACTIVE","etag":"1_cb8e7463-a8cf-4004-8768-c36afd9808a0"}
[info] i  hosting[social-media-web-fd460]: Serving hosting files from: build {"metadata":{"emulator":{"name":"hosting"},"message":"Serving hosting files from: \u001b[1mbuild\u001b[22m"}}
[info] +  hosting[social-media-web-fd460]: Local server: http://localhost:5000 {"metadata":{"emulator":{"name":"hosting"},"message":"Local server: \u001b[4m\u001b[1mhttp://localhost:5000\u001b[22m\u001b[24m"}}
